<?xml version="1.0" encoding="UTF-8"?>
<testsuite name="ArrayFlattener.ArrayFlattenerTest1" tests="2" skipped="0" failures="0" errors="0" timestamp="2019-10-18T16:03:47" hostname="DESKTOP-BBB2GNM" time="0.019">
  <properties/>
  <testcase name="testFlattenArray" classname="ArrayFlattener.ArrayFlattenerTest1" time="0.006"/>
  <testcase name="testFlattenArray" classname="ArrayFlattener.ArrayFlattenerTest1" time="0.0"/>
  <system-out><![CDATA[]]></system-out>
  <system-err><![CDATA[]]></system-err>
</testsuite>
