<?xml version="1.0" encoding="UTF-8"?>
<testsuite name="ArrayReversor.ArrayReversorTest2" tests="2" skipped="0" failures="0" errors="0" timestamp="2019-10-18T16:03:47" hostname="DESKTOP-BBB2GNM" time="0.016">
  <properties/>
  <testcase name="testReverseArray" classname="ArrayReversor.ArrayReversorTest2" time="0.004"/>
  <testcase name="testReverseArray" classname="ArrayReversor.ArrayReversorTest2" time="0.001"/>
  <system-out><![CDATA[]]></system-out>
  <system-err><![CDATA[]]></system-err>
</testsuite>
