<?xml version="1.0" encoding="UTF-8"?>
<testsuite name="ArrayReversor.ArrayReversorTest1" tests="2" skipped="0" failures="0" errors="0" timestamp="2019-10-18T16:03:46" hostname="DESKTOP-BBB2GNM" time="0.565">
  <properties/>
  <testcase name="testReverseArray" classname="ArrayReversor.ArrayReversorTest1" time="0.503"/>
  <testcase name="testReverseArray" classname="ArrayReversor.ArrayReversorTest1" time="0.003"/>
  <system-out><![CDATA[]]></system-out>
  <system-err><![CDATA[]]></system-err>
</testsuite>
