<?xml version="1.0" encoding="UTF-8"?>
<testsuite name="ArrayFlattener.ArrayFlattenerTest2" tests="2" skipped="0" failures="0" errors="0" timestamp="2019-10-18T16:03:47" hostname="DESKTOP-BBB2GNM" time="0.013">
  <properties/>
  <testcase name="testFlattenArray" classname="ArrayFlattener.ArrayFlattenerTest2" time="0.001"/>
  <testcase name="testFlattenArray" classname="ArrayFlattener.ArrayFlattenerTest2" time="0.002"/>
  <system-out><![CDATA[]]></system-out>
  <system-err><![CDATA[]]></system-err>
</testsuite>
